#
# There is insufficient memory for the Java Runtime Environment to continue.
# Native memory allocation (malloc) failed to allocate 1818256 bytes for Chunk::new
# Possible reasons:
#   The system is out of physical RAM or swap space
#   In 32 bit mode, the process size limit was hit
# Possible solutions:
#   Reduce memory load on the system
#   Increase physical memory or swap space
#   Check if swap backing store is full
#   Use 64 bit Java on a 64 bit OS
#   Decrease Java heap size (-Xmx/-Xms)
#   Decrease number of Java threads
#   Decrease Java thread stack sizes (-Xss)
#   Set larger code cache with -XX:ReservedCodeCacheSize=
# This output file may be truncated or incomplete.
#
#  Out of Memory Error (allocation.cpp:390), pid=8144, tid=4060
#
# JRE version: Java(TM) SE Runtime Environment (8.0_51-b16) (build 1.8.0_51-b16)
# Java VM: Java HotSpot(TM) 64-Bit Server VM (25.51-b03 mixed mode windows-amd64 compressed oops)
# Failed to write core dump. Minidumps are not enabled by default on client versions of Windows
#

---------------  T H R E A D  ---------------

Current thread (0x0000000015330800):  JavaThread "C2 CompilerThread1" daemon [_thread_in_native, id=4060, stack(0x00000000169b0000,0x0000000016ab0000)]

Stack: [0x00000000169b0000,0x0000000016ab0000]
Native frames: (J=compiled Java code, j=interpreted, Vv=VM code, C=native code)
V  [jvm.dll+0x32b4ca]
V  [jvm.dll+0x2797e3]
V  [jvm.dll+0x27a479]
V  [jvm.dll+0x271765]
V  [jvm.dll+0xcba02]
V  [jvm.dll+0xcbecc]
V  [jvm.dll+0x476f72]
V  [jvm.dll+0x4b95ff]
V  [jvm.dll+0x46c011]
V  [jvm.dll+0x46cd4e]
V  [jvm.dll+0x4501a2]
V  [jvm.dll+0xa43a2]
V  [jvm.dll+0xa4cdf]
V  [jvm.dll+0x2418a4]
V  [jvm.dll+0x29846a]
C  [msvcr100.dll+0x21d9f]
C  [msvcr100.dll+0x21e3b]
C  [KERNEL32.DLL+0x18102]
C  [ntdll.dll+0x5c5b4]


Current CompileTask:
C2:  12220 1831   !   4       com.android.dx.cf.code.BytecodeArray::parseInstruction (2764 bytes)


---------------  P R O C E S S  ---------------

Java Threads: ( => current thread )
  0x0000000016d03000 JavaThread "pool-1-thread-1" [_thread_new, id=9596, stack(0x0000000000000000,0x0000000000000000)]
  0x0000000016aba800 JavaThread "Service Thread" daemon [_thread_blocked, id=7676, stack(0x0000000016fb0000,0x00000000170b0000)]
  0x0000000016ab8800 JavaThread "C1 CompilerThread2" daemon [_thread_blocked, id=8944, stack(0x0000000016eb0000,0x0000000016fb0000)]
=>0x0000000015330800 JavaThread "C2 CompilerThread1" daemon [_thread_in_native, id=4060, stack(0x00000000169b0000,0x0000000016ab0000)]
  0x000000001532d800 JavaThread "C2 CompilerThread0" daemon [_thread_in_native, id=8572, stack(0x00000000168b0000,0x00000000169b0000)]
  0x000000001532b800 JavaThread "Attach Listener" daemon [_thread_blocked, id=10624, stack(0x00000000167b0000,0x00000000168b0000)]
  0x000000001532a800 JavaThread "Signal Dispatcher" daemon [_thread_blocked, id=12568, stack(0x00000000166b0000,0x00000000167b0000)]
  0x0000000002c51000 JavaThread "Finalizer" daemon [_thread_blocked, id=10444, stack(0x00000000165b0000,0x00000000166b0000)]
  0x0000000002c4e000 JavaThread "Reference Handler" daemon [_thread_blocked, id=5684, stack(0x00000000164b0000,0x00000000165b0000)]
  0x0000000002b5e000 JavaThread "main" [_thread_blocked, id=6604, stack(0x0000000002960000,0x0000000002a60000)]

Other Threads:
  0x00000000152f7000 VMThread [stack: 0x00000000163b0000,0x00000000164b0000] [id=7512]
  0x0000000016abb800 WatcherThread [stack: 0x00000000170b0000,0x00000000171b0000] [id=10592]

VM state:not at safepoint (normal execution)

VM Mutex/Monitor currently owned by a thread: None

Heap:
 PSYoungGen      total 71680K, used 53039K [0x00000000eab00000, 0x00000000ef600000, 0x0000000100000000)
  eden space 66560K, 72% used [0x00000000eab00000,0x00000000ed9cd2e8,0x00000000eec00000)
  from space 5120K, 99% used [0x00000000ef100000,0x00000000ef5feaa8,0x00000000ef600000)
  to   space 5120K, 0% used [0x00000000eec00000,0x00000000eec00000,0x00000000ef100000)
 ParOldGen       total 87552K, used 4233K [0x00000000c0000000, 0x00000000c5580000, 0x00000000eab00000)
  object space 87552K, 4% used [0x00000000c0000000,0x00000000c0422610,0x00000000c5580000)
 Metaspace       used 6359K, capacity 7152K, committed 7296K, reserved 1056768K
  class space    used 595K, capacity 616K, committed 640K, reserved 1048576K

Card table byte_map: [0x0000000012020000,0x0000000012230000] byte_map_base: 0x0000000011a20000

Marking Bits: (ParMarkBitMap*) 0x0000000069dd4040
 Begin Bits: [0x0000000012790000, 0x0000000013790000)
 End Bits:   [0x0000000013790000, 0x0000000014790000)

Polling page: 0x0000000000de0000

CodeCache: size=245760Kb used=8214Kb max_used=8231Kb free=237545Kb
 bounds [0x0000000002c60000, 0x0000000003480000, 0x0000000011c60000]
 total_blobs=2089 nmethods=1819 adapters=182
 compilation: enabled

Compilation events (10 events):
Event: 11.874 Thread 0x0000000016ab8800 1832       3       com.android.dx.dex.file.AnnotationSetItem::<init> (83 bytes)
Event: 11.876 Thread 0x0000000016ab8800 nmethod 1832 0x000000000344fc10 code [0x000000000344fec0, 0x0000000003451328]
Event: 11.880 Thread 0x0000000016ab8800 1833       3       java.util.concurrent.FutureTask::report (37 bytes)
Event: 11.880 Thread 0x0000000016ab8800 nmethod 1833 0x0000000003452690 code [0x0000000003452820, 0x0000000003452c18]
Event: 11.882 Thread 0x0000000015330800 nmethod 1812 0x000000000346a150 code [0x000000000346a500, 0x000000000346edd0]
Event: 11.883 Thread 0x0000000015330800 1831   !   4       com.android.dx.cf.code.BytecodeArray::parseInstruction (2764 bytes)
Event: 11.895 Thread 0x000000001532d800 nmethod 1769 0x0000000003467190 code [0x00000000034673a0, 0x0000000003468568]
Event: 11.895 Thread 0x000000001532d800 1830       4       com.android.dx.rop.type.Type::compareTo (9 bytes)
Event: 11.896 Thread 0x000000001532d800 nmethod 1830 0x0000000003465490 code [0x00000000034655e0, 0x00000000034657b8]
Event: 11.896 Thread 0x000000001532d800 1804       4       com.android.dx.rop.code.Rops::ropFor (771 bytes)

GC Heap History (4 events):
Event: 9.336 GC heap before
{Heap before GC invocations=1 (full 0):
 PSYoungGen      total 38400K, used 33280K [0x00000000eab00000, 0x00000000ed580000, 0x0000000100000000)
  eden space 33280K, 100% used [0x00000000eab00000,0x00000000ecb80000,0x00000000ecb80000)
  from space 5120K, 0% used [0x00000000ed080000,0x00000000ed080000,0x00000000ed580000)
  to   space 5120K, 0% used [0x00000000ecb80000,0x00000000ecb80000,0x00000000ed080000)
 ParOldGen       total 87552K, used 0K [0x00000000c0000000, 0x00000000c5580000, 0x00000000eab00000)
  object space 87552K, 0% used [0x00000000c0000000,0x00000000c0000000,0x00000000c5580000)
 Metaspace       used 5998K, capacity 6896K, committed 7040K, reserved 1056768K
  class space    used 586K, capacity 616K, committed 640K, reserved 1048576K
Event: 9.461 GC heap after
Heap after GC invocations=1 (full 0):
 PSYoungGen      total 38400K, used 5104K [0x00000000eab00000, 0x00000000ef600000, 0x0000000100000000)
  eden space 33280K, 0% used [0x00000000eab00000,0x00000000eab00000,0x00000000ecb80000)
  from space 5120K, 99% used [0x00000000ecb80000,0x00000000ed07c3c0,0x00000000ed080000)
  to   space 5120K, 0% used [0x00000000ef100000,0x00000000ef100000,0x00000000ef600000)
 ParOldGen       total 87552K, used 484K [0x00000000c0000000, 0x00000000c5580000, 0x00000000eab00000)
  object space 87552K, 0% used [0x00000000c0000000,0x00000000c0079000,0x00000000c5580000)
 Metaspace       used 5998K, capacity 6896K, committed 7040K, reserved 1056768K
  class space    used 586K, capacity 616K, committed 640K, reserved 1048576K
}
Event: 10.688 GC heap before
{Heap before GC invocations=2 (full 0):
 PSYoungGen      total 38400K, used 38384K [0x00000000eab00000, 0x00000000ef600000, 0x0000000100000000)
  eden space 33280K, 100% used [0x00000000eab00000,0x00000000ecb80000,0x00000000ecb80000)
  from space 5120K, 99% used [0x00000000ecb80000,0x00000000ed07c3c0,0x00000000ed080000)
  to   space 5120K, 0% used [0x00000000ef100000,0x00000000ef100000,0x00000000ef600000)
 ParOldGen       total 87552K, used 484K [0x00000000c0000000, 0x00000000c5580000, 0x00000000eab00000)
  object space 87552K, 0% used [0x00000000c0000000,0x00000000c0079000,0x00000000c5580000)
 Metaspace       used 6241K, capacity 7088K, committed 7296K, reserved 1056768K
  class space    used 591K, capacity 616K, committed 640K, reserved 1048576K
Event: 10.722 GC heap after
Heap after GC invocations=2 (full 0):
 PSYoungGen      total 71680K, used 5114K [0x00000000eab00000, 0x00000000ef600000, 0x0000000100000000)
  eden space 66560K, 0% used [0x00000000eab00000,0x00000000eab00000,0x00000000eec00000)
  from space 5120K, 99% used [0x00000000ef100000,0x00000000ef5feaa8,0x00000000ef600000)
  to   space 5120K, 0% used [0x00000000eec00000,0x00000000eec00000,0x00000000ef100000)
 ParOldGen       total 87552K, used 4233K [0x00000000c0000000, 0x00000000c5580000, 0x00000000eab00000)
  object space 87552K, 4% used [0x00000000c0000000,0x00000000c0422610,0x00000000c5580000)
 Metaspace       used 6241K, capacity 7088K, committed 7296K, reserved 1056768K
  class space    used 591K, capacity 616K, committed 640K, reserved 1048576K
}

Deoptimization events (10 events):
Event: 10.169 Thread 0x0000000016cfc000 Uncommon trap: reason=unstable_if action=reinterpret pc=0x000000000319d47c method=com.android.dx.ssa.SCCP.simulateStmt(Lcom/android/dx/ssa/SsaInsn;)V @ 53
Event: 10.871 Thread 0x0000000016d08800 Uncommon trap: reason=unstable_if action=reinterpret pc=0x000000000308f484 method=com.android.dx.rop.code.RegisterSpecSet.<init>(I)V @ 2
Event: 11.234 Thread 0x0000000016d08800 Uncommon trap: reason=unstable_if action=reinterpret pc=0x00000000031e8624 method=com.android.dx.ssa.SCCP.simulateBranch(Lcom/android/dx/ssa/SsaInsn;)V @ 64
Event: 11.238 Thread 0x0000000016d08800 Uncommon trap: reason=unloaded action=reinterpret pc=0x000000000326143c method=com.android.dx.ssa.LiteralOpUpgrader$1.visitNonMoveInsn(Lcom/android/dx/ssa/NormalSsaInsn;)V @ 72
Event: 11.239 Thread 0x0000000016d08800 Uncommon trap: reason=unstable_if action=reinterpret pc=0x00000000030c475c method=com.android.dx.ssa.SsaMethod.updateOneDefinition(Lcom/android/dx/ssa/SsaInsn;Lcom/android/dx/rop/code/RegisterSpec;)V @ 4
Event: 11.439 Thread 0x0000000016d08800 Uncommon trap: reason=bimorphic action=maybe_recompile pc=0x0000000003273aec method=com.android.dx.cf.code.BytecodeArray.parseInstruction(ILcom/android/dx/cf/code/BytecodeArray$Visitor;)I @ 1357
Event: 11.439 Thread 0x0000000016d08800 Uncommon trap: reason=bimorphic action=maybe_recompile pc=0x0000000003273aec method=com.android.dx.cf.code.BytecodeArray.parseInstruction(ILcom/android/dx/cf/code/BytecodeArray$Visitor;)I @ 1357
Event: 11.439 Thread 0x0000000016d08800 Uncommon trap: reason=bimorphic action=maybe_recompile pc=0x0000000003273aec method=com.android.dx.cf.code.BytecodeArray.parseInstruction(ILcom/android/dx/cf/code/BytecodeArray$Visitor;)I @ 1357
Event: 11.439 Thread 0x0000000016d08800 Uncommon trap: reason=bimorphic action=maybe_recompile pc=0x0000000003273aec method=com.android.dx.cf.code.BytecodeArray.parseInstruction(ILcom/android/dx/cf/code/BytecodeArray$Visitor;)I @ 1357
Event: 11.455 Thread 0x0000000016d08800 Uncommon trap: reason=bimorphic action=maybe_recompile pc=0x0000000003349718 method=com.android.dx.ssa.SCCP.simulatePhi(Lcom/android/dx/ssa/PhiInsn;)V @ 124

Internal exceptions (2 events):
Event: 2.940 Thread 0x0000000002b5e000 Exception <a 'java/lang/NoSuchMethodError': Method sun.misc.Unsafe.defineClass(Ljava/lang/String;[BII)Ljava/lang/Class; name or signature does not match> (0x00000000eab0dd70) thrown at [C:\re\workspace\8-2-build-windows-amd64-cygwin\jdk8u51\3951\hotspot\sr«£∂&Ö@
Event: 2.940 Thread 0x0000000002b5e000 Exception <a 'java/lang/NoSuchMethodError': Method sun.misc.Unsafe.prefetchRead(Ljava/lang/Object;J)V name or signature does not match> (0x00000000eab0e000) thrown at [C:\re\workspace\8-2-build-windows-amd64-cygwin\jdk8u51\3951\hotspot\src\share\vm\prims\j

Events (10 events):
Event: 11.878 loading class java/util/HashMap$KeyIterator
Event: 11.878 loading class java/util/HashMap$KeyIterator done
Event: 11.879 Thread 0x0000000016cfc000 Thread exited: 0x0000000016cfc000
Event: 11.879 Thread 0x0000000016d07800 Thread exited: 0x0000000016d07800
Event: 11.879 Thread 0x0000000016d08800 Thread exited: 0x0000000016d08800
Event: 11.880 Thread 0x0000000016d03000 Thread exited: 0x0000000016d03000
Event: 11.881 loading class com/android/dx/command/dexer/Main$DexWriter
Event: 11.881 loading class com/android/dx/command/dexer/Main$DexWriter done
Event: 11.881 Thread 0x0000000016d03000 Thread added: 0x0000000016d03000
Event: 11.881 Thread 0x0000000016d07000 Thread exited: 0x0000000016d07000


Dynamic libraries:
0x00007ff776b50000 - 0x00007ff776b87000 	C:\Program Files\Java\jdk1.8.0_51\bin\java.exe
0x00007ffea86b0000 - 0x00007ffea8871000 	C:\WINDOWS\SYSTEM32\ntdll.dll
0x00007ffea5da0000 - 0x00007ffea5e4d000 	C:\WINDOWS\system32\KERNEL32.DLL
0x00007ffea4d60000 - 0x00007ffea4f48000 	C:\WINDOWS\system32\KERNELBASE.dll
0x00007ffea6880000 - 0x00007ffea6927000 	C:\WINDOWS\system32\ADVAPI32.dll
0x00007ffea8610000 - 0x00007ffea86ad000 	C:\WINDOWS\system32\msvcrt.dll
0x00007ffea5ab0000 - 0x00007ffea5b0b000 	C:\WINDOWS\system32\sechost.dll
0x00007ffea84e0000 - 0x00007ffea85fc000 	C:\WINDOWS\system32\RPCRT4.dll
0x00007ffea6c30000 - 0x00007ffea6d86000 	C:\WINDOWS\system32\USER32.dll
0x00007ffea6930000 - 0x00007ffea6ab6000 	C:\WINDOWS\system32\GDI32.dll
0x00007ffe98690000 - 0x00007ffe98904000 	C:\WINDOWS\WinSxS\amd64_microsoft.windows.common-controls_6595b64144ccf1df_6.0.10586.494_none_a2d8b04ea53e3145\COMCTL32.dll
0x00007ffea5b20000 - 0x00007ffea5d9d000 	C:\WINDOWS\system32\combase.dll
0x00007ffea53d0000 - 0x00007ffea543a000 	C:\WINDOWS\system32\bcryptPrimitives.dll
0x00007ffea66e0000 - 0x00007ffea671b000 	C:\WINDOWS\system32\IMM32.DLL
0x0000000069e60000 - 0x0000000069f32000 	C:\Program Files\Java\jdk1.8.0_51\jre\bin\msvcr100.dll
0x00000000695d0000 - 0x0000000069e53000 	C:\Program Files\Java\jdk1.8.0_51\jre\bin\server\jvm.dll
0x00007ffea61e0000 - 0x00007ffea61e8000 	C:\WINDOWS\system32\PSAPI.DLL
0x00007ffea05c0000 - 0x00007ffea05c9000 	C:\WINDOWS\SYSTEM32\WSOCK32.dll
0x00007ffea83a0000 - 0x00007ffea840b000 	C:\WINDOWS\system32\WS2_32.dll
0x00007ffea32c0000 - 0x00007ffea32e3000 	C:\WINDOWS\SYSTEM32\WINMM.dll
0x00007ffe95850000 - 0x00007ffe9585a000 	C:\WINDOWS\SYSTEM32\VERSION.dll
0x00007ffea3290000 - 0x00007ffea32bc000 	C:\WINDOWS\SYSTEM32\WINMMBASE.dll
0x00007ffea51d0000 - 0x00007ffea5213000 	C:\WINDOWS\system32\cfgmgr32.dll
0x00000000695c0000 - 0x00000000695cf000 	C:\Program Files\Java\jdk1.8.0_51\jre\bin\verify.dll
0x0000000069590000 - 0x00000000695b9000 	C:\Program Files\Java\jdk1.8.0_51\jre\bin\java.dll
0x0000000069570000 - 0x0000000069586000 	C:\Program Files\Java\jdk1.8.0_51\jre\bin\zip.dll
0x00007ffea6e40000 - 0x00007ffea839c000 	C:\WINDOWS\system32\SHELL32.dll
0x00007ffea5440000 - 0x00007ffea5a85000 	C:\WINDOWS\system32\windows.storage.dll
0x00007ffea6ac0000 - 0x00007ffea6b12000 	C:\WINDOWS\system32\shlwapi.dll
0x00007ffea4d50000 - 0x00007ffea4d5f000 	C:\WINDOWS\system32\kernel.appcore.dll
0x00007ffea52b0000 - 0x00007ffea5365000 	C:\WINDOWS\system32\shcore.dll
0x00007ffea4d00000 - 0x00007ffea4d4b000 	C:\WINDOWS\system32\powrprof.dll
0x00007ffea4cd0000 - 0x00007ffea4ce4000 	C:\WINDOWS\system32\profapi.dll
0x00007ffe9dd10000 - 0x00007ffe9de9c000 	C:\WINDOWS\SYSTEM32\dbghelp.dll

VM Arguments:
jvm_args: -Djava.awt.headless=true -Xmx1024M -Dfile.encoding=windows-1252 -Duser.country=US -Duser.language=en -Duser.variant 
java_command: com.android.dx.command.Main --dex --force-jumbo --num-threads=4 --multi-dex --output C:\Users\oessa_000\Documents\Bachelor\Smart Homes\CountSteps\app\build\intermediates\transforms\dex\debug\folders\1000\10\internal_impl-23.1.1_ec9ad2d1aaa1312154adbfaa31fb1573d072a187 C:\Users\oessa_000\Documents\Bachelor\Smart Homes\CountSteps\app\build\intermediates\exploded-aar\com.android.support\support-v4\23.1.1\jars\libs\internal_impl-23.1.1.jar
java_class_path (initial): C:\Users\oessa_000\AppData\Local\Android\sdk\build-tools\23.0.2\lib\dx.jar
Launcher Type: SUN_STANDARD

Environment Variables:
JAVA_HOME=C:\Program Files\Java\jdk1.8.0_92
CLASSPATH=.;
PATH=C:\Program Files (x86)\NVIDIA Corporation\PhysX\Common;C:\ProgramData\Oracle\Java\javapath;C:\Program Files\Haskell\bin;C:\Program Files\Haskell Platform\2014.2.0.0\lib\extralibs\bin;C:\Program Files\Haskell Platform\2014.2.0.0\bin;C:\Program Files (x86)\Intel\iCLS Client\;C:\Program Files\Intel\iCLS Client\;C:\Program Files\Dell\DW WLAN Card;C:\Windows\system32;C:\Windows;C:\Windows\System32\Wbem;C:\Windows\System32\WindowsPowerShell\v1.0\;C:\Program Files\WIDCOMM\Bluetooth Software\;C:\Program Files\WIDCOMM\Bluetooth Software\syswow64;C:\Program Files\Intel\Intel(R) Management Engine Components\DAL;C:\Program Files (x86)\Intel\Intel(R) Management Engine Components\DAL;C:\Program Files\Intel\Intel(R) Management Engine Components\IPT;C:\Program Files (x86)\Intel\Intel(R) Management Engine Components\IPT;C:\ProgramData\chocolatey\bin;C:\WINDOWS\system32;C:\WINDOWS;C:\WINDOWS\System32\Wbem;C:\WINDOWS\System32\WindowsPowerShell\v1.0\;C:\Program Files\Haskell Platform\2014.2.0.0\mingw\bin;C:\Program Files\Java\jdk1.8.0_51\bin;C:\wamp\bin\php\php5.5.12;C:\Program Files\TortoiseSVN\bin;C:\WINDOWS\system32;C:\WINDOWS;C:\WINDOWS\System32\Wbem;C:\WINDOWS\System32\WindowsPowerShell\v1.0\;C:\Program Files (x86)\Skype\Phone\;C:\Program Files\Git\cmd;C:\Program Files\Java\jdk1.8.0_92\bin;C:\Program Files\nodejs\;C:\RailsInstaller\Ruby2.1.0\bin;C:\Users\oessa_000\AppData\Roaming\cabal\bin;C:\Users\oessa_000\AppData\Local\atom\bin;C:\tools\mysql\current\bin;C:\Program Files (x86)\Apache Software Foundation\Apache2.2\bin;C:\tools\mingw64\bin;C:\tools\cygwin;C:\Program Files (x86)\Microsoft VS Code\bin;C:\Users\oessa_000\AppData\Roaming\npm
USERNAME=oessa_000
OS=Windows_NT
PROCESSOR_IDENTIFIER=Intel64 Family 6 Model 61 Stepping 4, GenuineIntel



---------------  S Y S T E M  ---------------

OS: Windows 10.0 , 64 bit Build 10586 (10.0.10586.0)

CPU:total 4 (2 cores per cpu, 2 threads per core) family 6 model 61 stepping 4, cmov, cx8, fxsr, mmx, sse, sse2, sse3, ssse3, sse4.1, sse4.2, popcnt, avx, avx2, aes, clmul, erms, 3dnowpref, lzcnt, ht, tsc, tscinvbit, bmi1, bmi2, adx

Memory: 4k page, physical 8291112k(798532k free), swap 22777124k(263456k free)

vm_info: Java HotSpot(TM) 64-Bit Server VM (25.51-b03) for windows-amd64 JRE (1.8.0_51-b16), built on Jun  8 2015 18:03:07 by "java_re" with MS VC++ 10.0 (VS2010)

time: Mon Aug 01 12:32:47 2016
elapsed time: 12 seconds (0d 0h 0m 12s)

