#
# There is insufficient memory for the Java Runtime Environment to continue.
# Native memory allocation (malloc) failed to allocate 926096 bytes for Chunk::new
# Possible reasons:
#   The system is out of physical RAM or swap space
#   In 32 bit mode, the process size limit was hit
# Possible solutions:
#   Reduce memory load on the system
#   Increase physical memory or swap space
#   Check if swap backing store is full
#   Use 64 bit Java on a 64 bit OS
#   Decrease Java heap size (-Xmx/-Xms)
#   Decrease number of Java threads
#   Decrease Java thread stack sizes (-Xss)
#   Set larger code cache with -XX:ReservedCodeCacheSize=
# This output file may be truncated or incomplete.
#
#  Out of Memory Error (allocation.cpp:390), pid=8884, tid=14436
#
# JRE version: Java(TM) SE Runtime Environment (8.0_51-b16) (build 1.8.0_51-b16)
# Java VM: Java HotSpot(TM) 64-Bit Server VM (25.51-b03 mixed mode windows-amd64 compressed oops)
# Failed to write core dump. Minidumps are not enabled by default on client versions of Windows
#

---------------  T H R E A D  ---------------

Current thread (0x00000000154ed800):  JavaThread "C2 CompilerThread0" daemon [_thread_in_native, id=14436, stack(0x0000000016a60000,0x0000000016b60000)]

Stack: [0x0000000016a60000,0x0000000016b60000]
Native frames: (J=compiled Java code, j=interpreted, Vv=VM code, C=native code)
V  [jvm.dll+0x32b4ca]
V  [jvm.dll+0x2797e3]
V  [jvm.dll+0x27a479]
V  [jvm.dll+0x271765]
V  [jvm.dll+0xcba02]
V  [jvm.dll+0xcbecc]
V  [jvm.dll+0x476f72]
V  [jvm.dll+0x4b95ff]
V  [jvm.dll+0x46c011]
V  [jvm.dll+0x46cd4e]
V  [jvm.dll+0x4501a2]
V  [jvm.dll+0xa43a2]
V  [jvm.dll+0xa4cdf]
V  [jvm.dll+0x2418a4]
V  [jvm.dll+0x29846a]
C  [msvcr100.dll+0x21d9f]
C  [msvcr100.dll+0x21e3b]
C  [KERNEL32.DLL+0x18102]
C  [ntdll.dll+0x5c5b4]


Current CompileTask:
C2:   6261 1266       4       com.android.dx.ssa.SCCP::simulatePhi (169 bytes)


---------------  P R O C E S S  ---------------

Java Threads: ( => current thread )
  0x0000000016ecd800 JavaThread "pool-2-thread-4" [_thread_blocked, id=4516, stack(0x0000000017760000,0x0000000017860000)]
  0x0000000016ec8800 JavaThread "pool-2-thread-3" [_thread_in_vm, id=8444, stack(0x0000000017660000,0x0000000017760000)]
  0x0000000016ec7000 JavaThread "pool-2-thread-2" [_thread_blocked, id=12048, stack(0x0000000017560000,0x0000000017660000)]
  0x0000000016ebe800 JavaThread "pool-3-thread-1" [_thread_blocked, id=6104, stack(0x0000000017460000,0x0000000017560000)]
  0x0000000016ebe000 JavaThread "pool-2-thread-1" [_thread_blocked, id=6600, stack(0x0000000017360000,0x0000000017460000)]
  0x0000000016d66000 JavaThread "Service Thread" daemon [_thread_blocked, id=15180, stack(0x0000000017160000,0x0000000017260000)]
  0x000000001554d000 JavaThread "C1 CompilerThread2" daemon [_thread_blocked, id=11428, stack(0x0000000016c60000,0x0000000016d60000)]
  0x00000000154f1000 JavaThread "C2 CompilerThread1" daemon [_thread_in_native, id=15272, stack(0x0000000016b60000,0x0000000016c60000)]
=>0x00000000154ed800 JavaThread "C2 CompilerThread0" daemon [_thread_in_native, id=14436, stack(0x0000000016a60000,0x0000000016b60000)]
  0x00000000154eb800 JavaThread "Attach Listener" daemon [_thread_blocked, id=6276, stack(0x0000000016960000,0x0000000016a60000)]
  0x00000000154ea800 JavaThread "Signal Dispatcher" daemon [_thread_blocked, id=6720, stack(0x0000000016860000,0x0000000016960000)]
  0x0000000002e11000 JavaThread "Finalizer" daemon [_thread_blocked, id=12084, stack(0x0000000016760000,0x0000000016860000)]
  0x0000000002e0e000 JavaThread "Reference Handler" daemon [_thread_blocked, id=14932, stack(0x0000000016660000,0x0000000016760000)]
  0x0000000002c1e000 JavaThread "main" [_thread_in_vm, id=13028, stack(0x0000000002aa0000,0x0000000002ba0000)]

Other Threads:
  0x00000000154b7000 VMThread [stack: 0x0000000016560000,0x0000000016660000] [id=10668]
  0x0000000016d67800 WatcherThread [stack: 0x0000000017260000,0x0000000017360000] [id=6380]

VM state:not at safepoint (normal execution)

VM Mutex/Monitor currently owned by a thread: None

Heap:
 PSYoungGen      total 38400K, used 27353K [0x00000000eab00000, 0x00000000ed580000, 0x0000000100000000)
  eden space 33280K, 82% used [0x00000000eab00000,0x00000000ec5b6588,0x00000000ecb80000)
  from space 5120K, 0% used [0x00000000ed080000,0x00000000ed080000,0x00000000ed580000)
  to   space 5120K, 0% used [0x00000000ecb80000,0x00000000ecb80000,0x00000000ed080000)
 ParOldGen       total 87552K, used 0K [0x00000000c0000000, 0x00000000c5580000, 0x00000000eab00000)
  object space 87552K, 0% used [0x00000000c0000000,0x00000000c0000000,0x00000000c5580000)
 Metaspace       used 5972K, capacity 6960K, committed 7040K, reserved 1056768K
  class space    used 589K, capacity 616K, committed 640K, reserved 1048576K

Card table byte_map: [0x00000000121e0000,0x00000000123f0000] byte_map_base: 0x0000000011be0000

Marking Bits: (ParMarkBitMap*) 0x0000000069dd4040
 Begin Bits: [0x0000000012950000, 0x0000000013950000)
 End Bits:   [0x0000000013950000, 0x0000000014950000)

Polling page: 0x0000000001240000

CodeCache: size=245760Kb used=5183Kb max_used=5183Kb free=240576Kb
 bounds [0x0000000002e20000, 0x0000000003340000, 0x0000000011e20000]
 total_blobs=1556 nmethods=1287 adapters=182
 compilation: enabled

Compilation events (10 events):
Event: 6.108 Thread 0x00000000154ed800 1263       4       com.android.dx.rop.cst.CstBaseMethodRef::compareTo0 (29 bytes)
Event: 6.118 Thread 0x00000000154ed800 nmethod 1263 0x0000000003324010 code [0x00000000033241a0, 0x0000000003324a78]
Event: 6.119 Thread 0x00000000154ed800 1264       4       java.util.Collections$UnmodifiableCollection$1::next (10 bytes)
Event: 6.121 Thread 0x00000000154f1000 nmethod 1261 0x0000000003328290 code [0x0000000003328420, 0x0000000003328b18]
Event: 6.121 Thread 0x00000000154ed800 nmethod 1264 0x00000000033036d0 code [0x0000000003303840, 0x00000000033039c8]
Event: 6.122 Thread 0x00000000154f1000 1265       4       com.android.dx.ssa.SCCP::simulateStmt (481 bytes)
Event: 6.122 Thread 0x00000000154ed800 1266       4       com.android.dx.ssa.SCCP::simulatePhi (169 bytes)
Event: 6.122 Thread 0x000000001554d000 1267       3       com.android.dx.rop.cst.CstKnownNull::equals (5 bytes)
Event: 6.122 Thread 0x000000001554d000 nmethod 1267 0x0000000003327e50 code [0x0000000003327fa0, 0x00000000033281f0]
Event: 6.215 Thread 0x000000001554d000 1269       3       com.android.dx.ssa.SCCP::replaceConstants (209 bytes)

GC Heap History (0 events):
No events

Deoptimization events (2 events):
Event: 5.560 Thread 0x0000000016ec7000 Uncommon trap: reason=unstable_if action=reinterpret pc=0x0000000003089858 method=java.util.HashMap.getNode(ILjava/lang/Object;)Ljava/util/HashMap$Node; @ 129
Event: 5.914 Thread 0x0000000016ebe000 Uncommon trap: reason=unstable_if action=reinterpret pc=0x0000000003297468 method=com.android.dx.util.IntList.binarysearch(I)I @ 105

Internal exceptions (2 events):
Event: 0.218 Thread 0x0000000002c1e000 Exception <a 'java/lang/NoSuchMethodError': Method sun.misc.Unsafe.defineClass(Ljava/lang/String;[BII)Ljava/lang/Class; name or signature does not match> (0x00000000eab0dd58) thrown at [C:\re\workspace\8-2-build-windows-amd64-cygwin\jdk8u51\3951\hotspot\sr	VfcöË?
Event: 0.218 Thread 0x0000000002c1e000 Exception <a 'java/lang/NoSuchMethodError': Method sun.misc.Unsafe.prefetchRead(Ljava/lang/Object;J)V name or signature does not match> (0x00000000eab0dfe8) thrown at [C:\re\workspace\8-2-build-windows-amd64-cygwin\jdk8u51\3951\hotspot\src\share\vm\prims\j

Events (10 events):
Event: 5.560 Thread 0x0000000016ec7000 DEOPT UNPACKING pc=0x0000000002e6582a sp=0x000000001765dde8 mode 2
Event: 5.602 loading class java/util/ArrayList$1
Event: 5.686 loading class java/util/ArrayList$1 done
Event: 5.914 Thread 0x0000000016ebe000 Uncommon trap: trap_request=0xffffff65 fr.pc=0x0000000003297468
Event: 5.914 Thread 0x0000000016ebe000 DEOPT PACKING pc=0x0000000003297468 sp=0x000000001745e9a0
Event: 5.914 Thread 0x0000000016ebe000 DEOPT UNPACKING pc=0x0000000002e6582a sp=0x000000001745e918 mode 2
Event: 5.969 Executing VM operation: ForceSafepoint
Event: 6.050 Executing VM operation: ForceSafepoint done
Event: 6.087 loading class com/android/dx/cf/code/BytecodeArray$ConstantParserVisitor
Event: 6.087 loading class com/android/dx/cf/code/BytecodeArray$ConstantParserVisitor done


Dynamic libraries:
0x00007ff776b50000 - 0x00007ff776b87000 	C:\Program Files\Java\jdk1.8.0_51\bin\java.exe
0x00007ffea86b0000 - 0x00007ffea8871000 	C:\WINDOWS\SYSTEM32\ntdll.dll
0x00007ffea5da0000 - 0x00007ffea5e4d000 	C:\WINDOWS\system32\KERNEL32.DLL
0x00007ffea4d60000 - 0x00007ffea4f48000 	C:\WINDOWS\system32\KERNELBASE.dll
0x00007ffea6880000 - 0x00007ffea6927000 	C:\WINDOWS\system32\ADVAPI32.dll
0x00007ffea8610000 - 0x00007ffea86ad000 	C:\WINDOWS\system32\msvcrt.dll
0x00007ffea5ab0000 - 0x00007ffea5b0b000 	C:\WINDOWS\system32\sechost.dll
0x00007ffea84e0000 - 0x00007ffea85fc000 	C:\WINDOWS\system32\RPCRT4.dll
0x00007ffea6c30000 - 0x00007ffea6d86000 	C:\WINDOWS\system32\USER32.dll
0x00007ffea6930000 - 0x00007ffea6ab6000 	C:\WINDOWS\system32\GDI32.dll
0x00007ffe98690000 - 0x00007ffe98904000 	C:\WINDOWS\WinSxS\amd64_microsoft.windows.common-controls_6595b64144ccf1df_6.0.10586.494_none_a2d8b04ea53e3145\COMCTL32.dll
0x00007ffea5b20000 - 0x00007ffea5d9d000 	C:\WINDOWS\system32\combase.dll
0x00007ffea53d0000 - 0x00007ffea543a000 	C:\WINDOWS\system32\bcryptPrimitives.dll
0x00007ffea66e0000 - 0x00007ffea671b000 	C:\WINDOWS\system32\IMM32.DLL
0x0000000069e60000 - 0x0000000069f32000 	C:\Program Files\Java\jdk1.8.0_51\jre\bin\msvcr100.dll
0x00000000695d0000 - 0x0000000069e53000 	C:\Program Files\Java\jdk1.8.0_51\jre\bin\server\jvm.dll
0x00007ffea61e0000 - 0x00007ffea61e8000 	C:\WINDOWS\system32\PSAPI.DLL
0x00007ffea05c0000 - 0x00007ffea05c9000 	C:\WINDOWS\SYSTEM32\WSOCK32.dll
0x00007ffea83a0000 - 0x00007ffea840b000 	C:\WINDOWS\system32\WS2_32.dll
0x00007ffea32c0000 - 0x00007ffea32e3000 	C:\WINDOWS\SYSTEM32\WINMM.dll
0x00007ffe95850000 - 0x00007ffe9585a000 	C:\WINDOWS\SYSTEM32\VERSION.dll
0x00007ffea3290000 - 0x00007ffea32bc000 	C:\WINDOWS\SYSTEM32\WINMMBASE.dll
0x00007ffea51d0000 - 0x00007ffea5213000 	C:\WINDOWS\system32\cfgmgr32.dll
0x00000000695c0000 - 0x00000000695cf000 	C:\Program Files\Java\jdk1.8.0_51\jre\bin\verify.dll
0x0000000069590000 - 0x00000000695b9000 	C:\Program Files\Java\jdk1.8.0_51\jre\bin\java.dll
0x0000000069570000 - 0x0000000069586000 	C:\Program Files\Java\jdk1.8.0_51\jre\bin\zip.dll
0x00007ffea6e40000 - 0x00007ffea839c000 	C:\WINDOWS\system32\SHELL32.dll
0x00007ffea5440000 - 0x00007ffea5a85000 	C:\WINDOWS\system32\windows.storage.dll
0x00007ffea6ac0000 - 0x00007ffea6b12000 	C:\WINDOWS\system32\shlwapi.dll
0x00007ffea4d50000 - 0x00007ffea4d5f000 	C:\WINDOWS\system32\kernel.appcore.dll
0x00007ffea52b0000 - 0x00007ffea5365000 	C:\WINDOWS\system32\shcore.dll
0x00007ffea4d00000 - 0x00007ffea4d4b000 	C:\WINDOWS\system32\powrprof.dll
0x00007ffea4cd0000 - 0x00007ffea4ce4000 	C:\WINDOWS\system32\profapi.dll
0x00007ffe9dd10000 - 0x00007ffe9de9c000 	C:\WINDOWS\SYSTEM32\dbghelp.dll

VM Arguments:
jvm_args: -Djava.awt.headless=true -Xmx1024M -Dfile.encoding=windows-1252 -Duser.country=US -Duser.language=en -Duser.variant 
java_command: com.android.dx.command.Main --dex --force-jumbo --num-threads=4 --multi-dex --output C:\Users\oessa_000\Documents\Bachelor\Smart Homes\CountSteps\app\build\intermediates\transforms\dex\debug\folders\1000\10\com.android.volley-volley-1.0.0_fa47e4b99faf027d7c00f53e8f31932eb3c9e4bf C:\Users\oessa_000\Documents\Bachelor\Smart Homes\CountSteps\app\build\intermediates\exploded-aar\com.android.volley\volley\1.0.0\jars\classes.jar
java_class_path (initial): C:\Users\oessa_000\AppData\Local\Android\sdk\build-tools\23.0.2\lib\dx.jar
Launcher Type: SUN_STANDARD

Environment Variables:
JAVA_HOME=C:\Program Files\Java\jdk1.8.0_92
CLASSPATH=.;
PATH=C:\Program Files (x86)\NVIDIA Corporation\PhysX\Common;C:\ProgramData\Oracle\Java\javapath;C:\Program Files\Haskell\bin;C:\Program Files\Haskell Platform\2014.2.0.0\lib\extralibs\bin;C:\Program Files\Haskell Platform\2014.2.0.0\bin;C:\Program Files (x86)\Intel\iCLS Client\;C:\Program Files\Intel\iCLS Client\;C:\Program Files\Dell\DW WLAN Card;C:\Windows\system32;C:\Windows;C:\Windows\System32\Wbem;C:\Windows\System32\WindowsPowerShell\v1.0\;C:\Program Files\WIDCOMM\Bluetooth Software\;C:\Program Files\WIDCOMM\Bluetooth Software\syswow64;C:\Program Files\Intel\Intel(R) Management Engine Components\DAL;C:\Program Files (x86)\Intel\Intel(R) Management Engine Components\DAL;C:\Program Files\Intel\Intel(R) Management Engine Components\IPT;C:\Program Files (x86)\Intel\Intel(R) Management Engine Components\IPT;C:\ProgramData\chocolatey\bin;C:\WINDOWS\system32;C:\WINDOWS;C:\WINDOWS\System32\Wbem;C:\WINDOWS\System32\WindowsPowerShell\v1.0\;C:\Program Files\Haskell Platform\2014.2.0.0\mingw\bin;C:\Program Files\Java\jdk1.8.0_51\bin;C:\wamp\bin\php\php5.5.12;C:\Program Files\TortoiseSVN\bin;C:\WINDOWS\system32;C:\WINDOWS;C:\WINDOWS\System32\Wbem;C:\WINDOWS\System32\WindowsPowerShell\v1.0\;C:\Program Files (x86)\Skype\Phone\;C:\Program Files\Git\cmd;C:\Program Files\Java\jdk1.8.0_92\bin;C:\Program Files\nodejs\;C:\RailsInstaller\Ruby2.1.0\bin;C:\Users\oessa_000\AppData\Roaming\cabal\bin;C:\Users\oessa_000\AppData\Local\atom\bin;C:\tools\mysql\current\bin;C:\Program Files (x86)\Apache Software Foundation\Apache2.2\bin;C:\tools\mingw64\bin;C:\tools\cygwin;C:\Program Files (x86)\Microsoft VS Code\bin;C:\Users\oessa_000\AppData\Roaming\npm
USERNAME=oessa_000
OS=Windows_NT
PROCESSOR_IDENTIFIER=Intel64 Family 6 Model 61 Stepping 4, GenuineIntel



---------------  S Y S T E M  ---------------

OS: Windows 10.0 , 64 bit Build 10586 (10.0.10586.0)

CPU:total 4 (2 cores per cpu, 2 threads per core) family 6 model 61 stepping 4, cmov, cx8, fxsr, mmx, sse, sse2, sse3, ssse3, sse4.1, sse4.2, popcnt, avx, avx2, aes, clmul, erms, 3dnowpref, lzcnt, ht, tsc, tscinvbit, bmi1, bmi2, adx

Memory: 4k page, physical 8291112k(531584k free), swap 22777124k(5140k free)

vm_info: Java HotSpot(TM) 64-Bit Server VM (25.51-b03) for windows-amd64 JRE (1.8.0_51-b16), built on Jun  8 2015 18:03:07 by "java_re" with MS VC++ 10.0 (VS2010)

time: Mon Aug 01 12:38:09 2016
elapsed time: 6 seconds (0d 0h 0m 6s)

